

================================================================
== Vivado HLS Report for 'accumulate'
================================================================
* Date:           Wed Apr  7 01:18:10 2021

* Version:        2019.2 (Build 2704478 on Wed Nov 06 22:10:23 MST 2019)
* Project:        Example47
* Solution:       solution1
* Product family: zynq
* Target device:  xc7z020-clg400-1


================================================================
== Performance Estimates
================================================================
+ Timing: 
    * Summary: 
    +--------+---------+----------+------------+
    |  Clock |  Target | Estimated| Uncertainty|
    +--------+---------+----------+------------+
    |ap_clk  | 7.50 ns | 5.833 ns |   0.94 ns  |
    +--------+---------+----------+------------+

+ Latency: 
    * Summary: 
    +---------+---------+-----------+-----------+-----+-----+----------+
    |  Latency (cycles) |   Latency (absolute)  |  Interval | Pipeline |
    |   min   |   max   |    min    |    max    | min | max |   Type   |
    +---------+---------+-----------+-----------+-----+-----+----------+
    |        2|        2| 15.000 ns | 15.000 ns |    1|    1| function |
    +---------+---------+-----------+-----------+-----+-----+----------+

    + Detail: 
        * Instance: 
        N/A

        * Loop: 
        N/A



================================================================
== Utilization Estimates
================================================================
* Summary: 
+-----------------+---------+-------+--------+-------+-----+
|       Name      | BRAM_18K| DSP48E|   FF   |  LUT  | URAM|
+-----------------+---------+-------+--------+-------+-----+
|DSP              |        -|      -|       -|      -|    -|
|Expression       |        -|      -|       0|    111|    -|
|FIFO             |        -|      -|       -|      -|    -|
|Instance         |        -|      -|       -|      -|    -|
|Memory           |        -|      -|       -|      -|    -|
|Multiplexer      |        -|      -|       -|     18|    -|
|Register         |        -|      -|     133|      -|    -|
+-----------------+---------+-------+--------+-------+-----+
|Total            |        0|      0|     133|    129|    0|
+-----------------+---------+-------+--------+-------+-----+
|Available        |      280|    220|  106400|  53200|    0|
+-----------------+---------+-------+--------+-------+-----+
|Utilization (%)  |        0|      0|   ~0   |   ~0  |    0|
+-----------------+---------+-------+--------+-------+-----+

+ Detail: 
    * Instance: 
    N/A

    * DSP48E: 
    N/A

    * Memory: 
    N/A

    * FIFO: 
    N/A

    * Expression: 
    +----------------------------------+----------+-------+---+----+------------+------------+
    |           Variable Name          | Operation| DSP48E| FF| LUT| Bitwidth P0| Bitwidth P1|
    +----------------------------------+----------+-------+---+----+------------+------------+
    |add_ln9_1_fu_105_p2               |     +    |      0|  0|  32|          32|          32|
    |add_ln9_2_fu_109_p2               |     +    |      0|  0|  32|          32|          32|
    |add_ln9_fu_99_p2                  |     +    |      0|  0|  39|          32|          32|
    |ap_block_state3_pp0_stage0_iter2  |    and   |      0|  0|   2|           1|           1|
    |ap_block_pp0_stage0_01001         |    or    |      0|  0|   2|           1|           1|
    |ap_block_state1_pp0_stage0_iter0  |    or    |      0|  0|   2|           1|           1|
    |ap_enable_pp0                     |    xor   |      0|  0|   2|           1|           2|
    +----------------------------------+----------+-------+---+----+------------+------------+
    |Total                             |          |      0|  0| 111|         100|         101|
    +----------------------------------+----------+-------+---+----+------------+------------+

    * Multiplexer: 
    +------------+----+-----------+-----+-----------+
    |    Name    | LUT| Input Size| Bits| Total Bits|
    +------------+----+-----------+-----+-----------+
    |din_blk_n   |   9|          2|    1|          2|
    |dout_blk_n  |   9|          2|    1|          2|
    +------------+----+-----------+-----+-----------+
    |Total       |  18|          4|    2|          4|
    +------------+----+-----------+-----+-----------+

    * Register: 
    +--------------------------------+----+----+-----+-----------+
    |              Name              | FF | LUT| Bits| Const Bits|
    +--------------------------------+----+----+-----+-----------+
    |ack_read_reg_114                |   1|   0|    1|          0|
    |ack_read_reg_114_pp0_iter1_reg  |   1|   0|    1|          0|
    |add_ln9_2_reg_133               |  32|   0|   32|          0|
    |add_ln9_reg_128                 |  32|   0|   32|          0|
    |ap_CS_fsm                       |   1|   0|    1|          0|
    |ap_enable_reg_pp0_iter1         |   1|   0|    1|          0|
    |ap_enable_reg_pp0_iter2         |   1|   0|    1|          0|
    |tmp_2_reg_118                   |  32|   0|   32|          0|
    |tmp_3_reg_123                   |  32|   0|   32|          0|
    +--------------------------------+----+----+-----+-----------+
    |Total                           | 133|   0|  133|          0|
    +--------------------------------+----+----+-----+-----------+



================================================================
== Interface
================================================================
* Summary: 
+-------------+-----+-----+------------+--------------+--------------+
|  RTL Ports  | Dir | Bits|  Protocol  | Source Object|    C Type    |
+-------------+-----+-----+------------+--------------+--------------+
|ap_clk       |  in |    1| ap_ctrl_hs |  accumulate  | return value |
|ap_rst       |  in |    1| ap_ctrl_hs |  accumulate  | return value |
|ap_start     |  in |    1| ap_ctrl_hs |  accumulate  | return value |
|ap_done      | out |    1| ap_ctrl_hs |  accumulate  | return value |
|ap_idle      | out |    1| ap_ctrl_hs |  accumulate  | return value |
|ap_ready     | out |    1| ap_ctrl_hs |  accumulate  | return value |
|din_dout     |  in |  128|   ap_fifo  |      din     |    pointer   |
|din_empty_n  |  in |    1|   ap_fifo  |      din     |    pointer   |
|din_read     | out |    1|   ap_fifo  |      din     |    pointer   |
|dout_din     | out |   32|   ap_fifo  |     dout     |    pointer   |
|dout_full_n  |  in |    1|   ap_fifo  |     dout     |    pointer   |
|dout_write   | out |    1|   ap_fifo  |     dout     |    pointer   |
|ack          |  in |    1|   ap_none  |      ack     |    pointer   |
+-------------+-----+-----+------------+--------------+--------------+

