

================================================================
== Vivado HLS Report for 'accumulate'
================================================================
* Date:           Thu Apr  8 16:49:17 2021

* Version:        2019.2 (Build 2704478 on Wed Nov 06 22:10:23 MST 2019)
* Project:        project5.3.3.2
* Solution:       solution1
* Product family: zynq
* Target device:  xc7z020-clg484-1


================================================================
== Performance Estimates
================================================================
+ Timing: 
    * Summary: 
    +--------+---------+----------+------------+
    |  Clock |  Target | Estimated| Uncertainty|
    +--------+---------+----------+------------+
    |ap_clk  | 5.00 ns | 3.250 ns |   0.62 ns  |
    +--------+---------+----------+------------+

+ Latency: 
    * Summary: 
    +---------+---------+-----------+-----------+-----+-----+----------+
    |  Latency (cycles) |   Latency (absolute)  |  Interval | Pipeline |
    |   min   |   max   |    min    |    max    | min | max |   Type   |
    +---------+---------+-----------+-----------+-----+-----+----------+
    |        8|        8| 40.000 ns | 40.000 ns |    4|    4| function |
    +---------+---------+-----------+-----------+-----+-----+----------+

    + Detail: 
        * Instance: 
        N/A

        * Loop: 
        N/A



================================================================
== Utilization Estimates
================================================================
* Summary: 
+-----------------+---------+-------+--------+-------+-----+
|       Name      | BRAM_18K| DSP48E|   FF   |  LUT  | URAM|
+-----------------+---------+-------+--------+-------+-----+
|DSP              |        -|      -|       -|      -|    -|
|Expression       |        -|      -|       0|    977|    -|
|FIFO             |        -|      -|       -|      -|    -|
|Instance         |        -|      -|       -|      -|    -|
|Memory           |        -|      -|       -|      -|    -|
|Multiplexer      |        -|      -|       -|     81|    -|
|Register         |        -|      -|     518|      -|    -|
+-----------------+---------+-------+--------+-------+-----+
|Total            |        0|      0|     518|   1058|    0|
+-----------------+---------+-------+--------+-------+-----+
|Available        |      280|    220|  106400|  53200|    0|
+-----------------+---------+-------+--------+-------+-----+
|Utilization (%)  |        0|      0|   ~0   |      1|    0|
+-----------------+---------+-------+--------+-------+-----+

+ Detail: 
    * Instance: 
    N/A

    * DSP48E: 
    N/A

    * Memory: 
    N/A

    * FIFO: 
    N/A

    * Expression: 
    +---------------------------+----------+-------+---+----+------------+------------+
    |       Variable Name       | Operation| DSP48E| FF| LUT| Bitwidth P0| Bitwidth P1|
    +---------------------------+----------+-------+---+----+------------+------------+
    |add_ln10_1_fu_307_p2       |     +    |      0|  0|  39|          32|          32|
    |add_ln10_2_fu_365_p2       |     +    |      0|  0|  39|          32|          32|
    |add_ln10_fu_234_p2         |     +    |      0|  0|  39|          32|          32|
    |sub_ln12_10_fu_359_p2      |     -    |      0|  0|  39|           1|          32|
    |sub_ln12_11_fu_396_p2      |     -    |      0|  0|  39|          32|          32|
    |sub_ln12_1_fu_132_p2       |     -    |      0|  0|  39|           1|          32|
    |sub_ln12_2_fu_180_p2       |     -    |      0|  0|  39|           1|          32|
    |sub_ln12_3_fu_138_p2       |     -    |      0|  0|  39|           1|          32|
    |sub_ln12_4_fu_213_p2       |     -    |      0|  0|  39|           1|          32|
    |sub_ln12_5_fu_265_p2       |     -    |      0|  0|  39|          32|          32|
    |sub_ln12_6_fu_219_p2       |     -    |      0|  0|  39|           1|          32|
    |sub_ln12_7_fu_286_p2       |     -    |      0|  0|  39|           1|          32|
    |sub_ln12_8_fu_338_p2       |     -    |      0|  0|  39|          32|          32|
    |sub_ln12_9_fu_292_p2       |     -    |      0|  0|  39|           1|          32|
    |sub_ln12_fu_114_p2         |     -    |      0|  0|  39|           1|          32|
    |and_ln11_fu_197_p2         |    and   |      0|  0|   2|           1|           1|
    |ap_block_pp0_stage0_01001  |    or    |      0|  0|   2|           1|           1|
    |select_ln11_1_fu_276_p3    |  select  |      0|  0|  32|           1|          32|
    |select_ln11_2_fu_349_p3    |  select  |      0|  0|  32|           1|          32|
    |select_ln11_3_fu_407_p3    |  select  |      0|  0|  32|           1|          32|
    |select_ln11_fu_202_p3      |  select  |      0|  0|  32|           1|          32|
    |select_ln12_1_fu_258_p3    |  select  |      0|  0|  32|           1|          32|
    |select_ln12_2_fu_331_p3    |  select  |      0|  0|  32|           1|          32|
    |select_ln12_3_fu_389_p3    |  select  |      0|  0|  32|           1|          32|
    |select_ln12_fu_173_p3      |  select  |      0|  0|  32|           1|          32|
    |select_ln9_1_fu_270_p3     |  select  |      0|  0|  32|           1|          32|
    |select_ln9_2_fu_343_p3     |  select  |      0|  0|  32|           1|          32|
    |select_ln9_3_fu_401_p3     |  select  |      0|  0|  32|           1|          32|
    |select_ln9_fu_186_p3       |  select  |      0|  0|  32|           1|          32|
    |ap_enable_pp0              |    xor   |      0|  0|   2|           1|           2|
    |xor_ln9_fu_192_p2          |    xor   |      0|  0|   2|           1|           2|
    +---------------------------+----------+-------+---+----+------------+------------+
    |Total                      |          |      0|  0| 977|         217|         870|
    +---------------------------+----------+-------+---+----+------------+------------+

    * Multiplexer: 
    +-------------------------+----+-----------+-----+-----------+
    |           Name          | LUT| Input Size| Bits| Total Bits|
    +-------------------------+----+-----------+-----+-----------+
    |ap_NS_fsm                |  27|          5|    1|          5|
    |ap_enable_reg_pp0_iter0  |   9|          2|    1|          2|
    |ap_enable_reg_pp0_iter2  |   9|          2|    1|          2|
    |din_address0             |  27|          5|    2|         10|
    |dout_blk_n               |   9|          2|    1|          2|
    +-------------------------+----+-----------+-----+-----------+
    |Total                    |  81|         16|    6|         21|
    +-------------------------+----+-----------+-----+-----------+

    * Register: 
    +-----------------------------+----+----+-----+-----------+
    |             Name            | FF | LUT| Bits| Const Bits|
    +-----------------------------+----+----+-----+-----------+
    |and_ln11_reg_487             |   1|   0|    1|          0|
    |ap_CS_fsm                    |   4|   0|    4|          0|
    |ap_enable_reg_pp0_iter0_reg  |   1|   0|    1|          0|
    |ap_enable_reg_pp0_iter1      |   1|   0|    1|          0|
    |ap_enable_reg_pp0_iter2      |   1|   0|    1|          0|
    |din_load_1_reg_437           |  32|   0|   32|          0|
    |din_load_2_reg_474           |  32|   0|   32|          0|
    |din_load_3_reg_511           |  32|   0|   32|          0|
    |din_load_reg_419             |  32|   0|   32|          0|
    |flag0_read_reg_450           |   1|   0|    1|          0|
    |flag1_read_reg_459           |   1|   0|    1|          0|
    |lshr_ln12_1_reg_432          |  31|   0|   31|          0|
    |lshr_ln12_4_reg_469          |  31|   0|   31|          0|
    |lshr_ln12_7_reg_506          |  31|   0|   31|          0|
    |lshr_ln12_s_reg_531          |  31|   0|   31|          0|
    |select_ln11_1_reg_519        |  32|   0|   32|          0|
    |select_ln11_2_reg_536        |  32|   0|   32|          0|
    |select_ln11_3_reg_548        |  32|   0|   32|          0|
    |select_ln11_reg_494          |  32|   0|   32|          0|
    |sub_ln12_10_reg_543          |  32|   0|   32|          0|
    |sub_ln12_1_reg_464           |  32|   0|   32|          0|
    |sub_ln12_4_reg_501           |  32|   0|   32|          0|
    |sub_ln12_7_reg_526           |  32|   0|   32|          0|
    +-----------------------------+----+----+-----+-----------+
    |Total                        | 518|   0|  518|          0|
    +-----------------------------+----+----+-----+-----------+



================================================================
== Interface
================================================================
* Summary: 
+--------------+-----+-----+------------+--------------+--------------+
|   RTL Ports  | Dir | Bits|  Protocol  | Source Object|    C Type    |
+--------------+-----+-----+------------+--------------+--------------+
|ap_clk        |  in |    1| ap_ctrl_hs |  accumulate  | return value |
|ap_rst        |  in |    1| ap_ctrl_hs |  accumulate  | return value |
|ap_start      |  in |    1| ap_ctrl_hs |  accumulate  | return value |
|ap_done       | out |    1| ap_ctrl_hs |  accumulate  | return value |
|ap_idle       | out |    1| ap_ctrl_hs |  accumulate  | return value |
|ap_ready      | out |    1| ap_ctrl_hs |  accumulate  | return value |
|din_address0  | out |    2|  ap_memory |      din     |     array    |
|din_ce0       | out |    1|  ap_memory |      din     |     array    |
|din_q0        |  in |   32|  ap_memory |      din     |     array    |
|dout_din      | out |   32|   ap_fifo  |     dout     |    pointer   |
|dout_full_n   |  in |    1|   ap_fifo  |     dout     |    pointer   |
|dout_write    | out |    1|   ap_fifo  |     dout     |    pointer   |
|flag0         |  in |    1|   ap_none  |     flag0    |    pointer   |
|flag1         |  in |    1|   ap_none  |     flag1    |    pointer   |
+--------------+-----+-----+------------+--------------+--------------+

