

================================================================
== Vivado HLS Report for 'accumulate4'
================================================================
* Date:           Thu Apr  8 17:46:20 2021

* Version:        2019.2 (Build 2704478 on Wed Nov 06 22:10:23 MST 2019)
* Project:        project5.3.1
* Solution:       solution1
* Product family: zynq
* Target device:  xc7z020-clg484-1


================================================================
== Performance Estimates
================================================================
+ Timing: 
    * Summary: 
    +--------+---------+----------+------------+
    |  Clock |  Target | Estimated| Uncertainty|
    +--------+---------+----------+------------+
    |ap_clk  | 5.00 ns | 4.371 ns |   0.62 ns  |
    +--------+---------+----------+------------+

+ Latency: 
    * Summary: 
    +---------+---------+-----------+-----------+-----+-----+----------+
    |  Latency (cycles) |   Latency (absolute)  |  Interval | Pipeline |
    |   min   |   max   |    min    |    max    | min | max |   Type   |
    +---------+---------+-----------+-----------+-----+-----+----------+
    |        6|        6| 30.000 ns | 30.000 ns |    4|    4| function |
    +---------+---------+-----------+-----------+-----+-----+----------+

    + Detail: 
        * Instance: 
        N/A

        * Loop: 
        N/A



================================================================
== Utilization Estimates
================================================================
* Summary: 
+-----------------+---------+-------+--------+-------+-----+
|       Name      | BRAM_18K| DSP48E|   FF   |  LUT  | URAM|
+-----------------+---------+-------+--------+-------+-----+
|DSP              |        -|      -|       -|      -|    -|
|Expression       |        -|      -|       0|    109|    -|
|FIFO             |        -|      -|       -|      -|    -|
|Instance         |        -|      -|       -|      -|    -|
|Memory           |        -|      -|       -|      -|    -|
|Multiplexer      |        -|      -|       -|     81|    -|
|Register         |        -|      -|     134|      -|    -|
+-----------------+---------+-------+--------+-------+-----+
|Total            |        0|      0|     134|    190|    0|
+-----------------+---------+-------+--------+-------+-----+
|Available        |      280|    220|  106400|  53200|    0|
+-----------------+---------+-------+--------+-------+-----+
|Utilization (%)  |        0|      0|   ~0   |   ~0  |    0|
+-----------------+---------+-------+--------+-------+-----+

+ Detail: 
    * Instance: 
    N/A

    * DSP48E: 
    N/A

    * Memory: 
    N/A

    * FIFO: 
    N/A

    * Expression: 
    +---------------------------+----------+-------+---+----+------------+------------+
    |       Variable Name       | Operation| DSP48E| FF| LUT| Bitwidth P0| Bitwidth P1|
    +---------------------------+----------+-------+---+----+------------+------------+
    |add_ln7_1_fu_96_p2         |     +    |      0|  0|  39|          32|          32|
    |add_ln7_2_fu_108_p2        |     +    |      0|  0|  32|          32|          32|
    |add_ln7_fu_102_p2          |     +    |      0|  0|  32|          32|          32|
    |ap_block_pp0_stage0_11001  |    and   |      0|  0|   2|           1|           1|
    |ap_block_pp0_stage2_01001  |    and   |      0|  0|   2|           1|           1|
    |ap_enable_pp0              |    xor   |      0|  0|   2|           1|           2|
    +---------------------------+----------+-------+---+----+------------+------------+
    |Total                      |          |      0|  0| 109|          99|         100|
    +---------------------------+----------+-------+---+----+------------+------------+

    * Multiplexer: 
    +-------------------------+----+-----------+-----+-----------+
    |           Name          | LUT| Input Size| Bits| Total Bits|
    +-------------------------+----+-----------+-----+-----------+
    |ap_NS_fsm                |  27|          5|    1|          5|
    |ap_enable_reg_pp0_iter0  |   9|          2|    1|          2|
    |ap_enable_reg_pp0_iter1  |   9|          2|    1|          2|
    |din_address0             |  27|          5|    2|         10|
    |dout_blk_n               |   9|          2|    1|          2|
    +-------------------------+----+-----------+-----+-----------+
    |Total                    |  81|         16|    6|         21|
    +-------------------------+----+-----------+-----+-----------+

    * Register: 
    +-----------------------------+----+----+-----+-----------+
    |             Name            | FF | LUT| Bits| Const Bits|
    +-----------------------------+----+----+-----+-----------+
    |add_ln7_1_reg_133            |  32|   0|   32|          0|
    |add_ln7_2_reg_138            |  32|   0|   32|          0|
    |ap_CS_fsm                    |   4|   0|    4|          0|
    |ap_enable_reg_pp0_iter0_reg  |   1|   0|    1|          0|
    |ap_enable_reg_pp0_iter1      |   1|   0|    1|          0|
    |reg_88                       |  32|   0|   32|          0|
    |reg_92                       |  32|   0|   32|          0|
    +-----------------------------+----+----+-----+-----------+
    |Total                        | 134|   0|  134|          0|
    +-----------------------------+----+----+-----+-----------+



================================================================
== Interface
================================================================
* Summary: 
+--------------+-----+-----+------------+--------------+--------------+
|   RTL Ports  | Dir | Bits|  Protocol  | Source Object|    C Type    |
+--------------+-----+-----+------------+--------------+--------------+
|ap_clk        |  in |    1| ap_ctrl_hs |  accumulate4 | return value |
|ap_rst        |  in |    1| ap_ctrl_hs |  accumulate4 | return value |
|ap_start      |  in |    1| ap_ctrl_hs |  accumulate4 | return value |
|ap_done       | out |    1| ap_ctrl_hs |  accumulate4 | return value |
|ap_idle       | out |    1| ap_ctrl_hs |  accumulate4 | return value |
|ap_ready      | out |    1| ap_ctrl_hs |  accumulate4 | return value |
|din_address0  | out |    2|  ap_memory |      din     |     array    |
|din_ce0       | out |    1|  ap_memory |      din     |     array    |
|din_q0        |  in |   32|  ap_memory |      din     |     array    |
|dout_din      | out |   32|   ap_fifo  |     dout     |    pointer   |
|dout_full_n   |  in |    1|   ap_fifo  |     dout     |    pointer   |
|dout_write    | out |    1|   ap_fifo  |     dout     |    pointer   |
+--------------+-----+-----+------------+--------------+--------------+

